<?xml version="1.0" encoding="UTF-8"?>
<!-- Generated by org.testng.reporters.JUnitReportReporter -->
<testsuite hostname="DESKTOP-0Q2HLJC" failures="0" tests="1" name="tests.LoginDDT" time="0.000" errors="0" timestamp="2021-02-23T19:25:20 EST" skipped="1">
  <testcase classname="tests.LoginDDT" name="loginTest" time="0.000">
    <skipped/>
  </testcase> <!-- loginTest -->
  <system-out/>
</testsuite> <!-- tests.LoginDDT -->
