<?xml version="1.0" encoding="UTF-8"?>
<!-- Generated by org.testng.reporters.JUnitReportReporter -->
<testsuite hostname="DESKTOP-0Q2HLJC" failures="0" tests="1" name="smoketests.LoginPresentTestNG" time="8.335" errors="0" timestamp="2021-02-23T15:53:51 EST" skipped="0">
  <testcase classname="smoketests.LoginPresentTestNG" name="loginElementsPresentTest" time="8.335"/>
  <system-out/>
</testsuite> <!-- smoketests.LoginPresentTestNG -->
