<?xml version="1.0" encoding="UTF-8"?>
<!-- Generated by org.testng.reporters.JUnitReportReporter -->
<testsuite hostname="DESKTOP-0Q2HLJC" failures="0" tests="1" name="smoketests.ATagsTest" time="8.671" errors="0" timestamp="2021-02-23T15:53:51 EST" skipped="0">
  <testcase classname="smoketests.ATagsTest" name="loginElementsPresentTest" time="8.671"/>
  <system-out/>
</testsuite> <!-- smoketests.ATagsTest -->
