<?xml version="1.0" encoding="UTF-8"?>
<!-- Generated by org.testng.reporters.JUnitReportReporter -->
<testsuite hostname="DESKTOP-0Q2HLJC" failures="0" tests="1" name="smoketests.LoginPresentTestNG" time="9.132" errors="0" timestamp="2021-02-12T08:38:32 EST" skipped="0">
  <testcase classname="smoketests.LoginPresentTestNG" name="loginElementsPresentTest" time="9.132"/>
  <system-out/>
</testsuite> <!-- smoketests.LoginPresentTestNG -->
